<?xml version="1.0" encoding="UTF-8"?>
<testsuite xmlns:xsi="http://www.w3.org/2001/XMLSchema-instance" xsi:noNamespaceSchemaLocation="https://maven.apache.org/surefire/maven-surefire-plugin/xsd/surefire-test-report.xsd" version="3.0.2" name="bowling.PartieMultiJoueursTest" time="0.336" tests="5" errors="0" skipped="0" failures="0">
  <properties>
[...]
</properties>
  <testcase name="scorePourAvantDemarrageDeclencheException" classname="bowling.PartieMultiJoueursTest" time="0.093"/>
  <testcase name="demarreNouvellePartieAvecAucunJoueurDeclencheException" classname="bowling.PartieMultiJoueursTest" time="0.006"/>
  <testcase name="joueurInconnuDeclencheException" classname="bowling.PartieMultiJoueursTest" time="0.031"/>
  <testcase name="enregistreLancerAvantDemarrageDeclencheException" classname="bowling.PartieMultiJoueursTest" time="0.003"/>
  <testcase name="scenarioExempleEnonce" classname="bowling.PartieMultiJoueursTest" time="0.016"/>
</testsuite>